Skipping Step: LoadWholesaleFile
Skipping Step: LoadWholesaleFile
Skipping Step: LoadDealersInfo
Skipping Step: ProcessWholesaleFile
Skipping Step: BackupTransactions
Skipping Step: UpdateTransactions
Skipping Step: CreateBillingFile
Skipping Step: CreateAccountingReport
Skipping Step: EncryptBillingFile
Skipping Step: SendBillingFile
Skipping Step: SendReports
joblog
Skipping Step: load_wholesale_file
Skipping Step: load_wholesale_file
Skipping Step: load_dealers_info
Skipping Step: process_wholesale_file
Skipping Step: backup_transactions
Skipping Step: update_transactions
Skipping Step: create_billing_file
Skipping Step: create_accounting_report
Skipping Step: encrypt_billing_file
Skipping Step: send_billing_file
Skipping Step: send_reports
